<?xml version="1.0" encoding="UTF-8"?>
<!-- Generated by org.testng.reporters.JUnitXMLReporter -->
<testsuite ignored="0" hostname="DESKTOP-P4T4VNH" failures="0" tests="4" name="Surefire test" time="74.809" errors="0" timestamp="10 мая 2019 15:45:31 GMT">
  <testcase classname="MainTests" name="cityChangeTest" time="6.675"/>
  <testcase classname="MainTests" name="cityChangeTest" time="6.995"/>
  <testcase classname="MainTests" name="shoppingTest" time="20.271"/>
  <testcase classname="MainTests" name="signInTest" time="5.912"/>
</testsuite> <!-- Surefire test -->
